2025-12-21 19:34:09 | CRITICAL | main | !!! [Critical Error] Unhandled exception in main loop: empty range for randrange() (1, 1, 0)
Traceback (most recent call last):
  File "C:\Users\hanji\Documents\github\RL_pj\indicator_machinlearning\main.py", line 23, in main
    infinite_loop()
  File "C:\Users\hanji\Documents\github\RL_pj\indicator_machinlearning\src\orchestration\infinite_loop.py", line 111, in infinite_loop
    pol = agent.propose_policy(regime, history)
  File "C:\Users\hanji\Documents\github\RL_pj\indicator_machinlearning\src\l3_meta\agent.py", line 40, in propose_policy
    feature_genome = self._construct_genome_from_action(action_name, regime)
  File "C:\Users\hanji\Documents\github\RL_pj\indicator_machinlearning\src\l3_meta\agent.py", line 79, in _construct_genome_from_action
    k = random.randint(1, len(all_candidates))
  File "C:\Users\hanji\AppData\Local\Programs\Python\Python310\lib\random.py", line 370, in randint
    return self.randrange(a, b+1)
  File "C:\Users\hanji\AppData\Local\Programs\Python\Python310\lib\random.py", line 353, in randrange
    raise ValueError("empty range for randrange() (%d, %d, %d)" % (istart, istop, width))
ValueError: empty range for randrange() (1, 1, 0)
2025-12-21 20:05:07 | ERROR    | orchestration.loop | !!! [Batch Error] Feature (BB_width_24) appears more than one time.
joblib.externals.loky.process_executor._RemoteTraceback: 
"""
Traceback (most recent call last):
  File "C:\Users\hanji\AppData\Local\Programs\Python\Python310\lib\site-packages\joblib\externals\loky\process_executor.py", line 490, in _process_worker
    r = call_item()
  File "C:\Users\hanji\AppData\Local\Programs\Python\Python310\lib\site-packages\joblib\externals\loky\process_executor.py", line 291, in __call__
    return self.fn(*self.args, **self.kwargs)
  File "C:\Users\hanji\AppData\Local\Programs\Python\Python310\lib\site-packages\joblib\parallel.py", line 607, in __call__
    return [func(*args, **kwargs) for func, args, kwargs in self.items]
  File "C:\Users\hanji\AppData\Local\Programs\Python\Python310\lib\site-packages\joblib\parallel.py", line 607, in <listcomp>
    return [func(*args, **kwargs) for func, args, kwargs in self.items]
  File "C:\Users\hanji\Documents\github\RL_pj\indicator_machinlearning\src\orchestration\run_experiment.py", line 191, in run_experiment
    guard.train(features=X_train, targets=y_train)
  File "C:\Users\hanji\Documents\github\RL_pj\indicator_machinlearning\src\l2_sl\ml_guard.py", line 107, in train
    self.model.fit(X_train, y_train)
  File "C:\Users\hanji\AppData\Local\Programs\Python\Python310\lib\site-packages\lightgbm\sklearn.py", line 1560, in fit
    super().fit(
  File "C:\Users\hanji\AppData\Local\Programs\Python\Python310\lib\site-packages\lightgbm\sklearn.py", line 1049, in fit
    self._Booster = train(
  File "C:\Users\hanji\AppData\Local\Programs\Python\Python310\lib\site-packages\lightgbm\engine.py", line 297, in train
    booster = Booster(params=params, train_set=train_set)
  File "C:\Users\hanji\AppData\Local\Programs\Python\Python310\lib\site-packages\lightgbm\basic.py", line 3656, in __init__
    train_set.construct()
  File "C:\Users\hanji\AppData\Local\Programs\Python\Python310\lib\site-packages\lightgbm\basic.py", line 2590, in construct
    self._lazy_init(
  File "C:\Users\hanji\AppData\Local\Programs\Python\Python310\lib\site-packages\lightgbm\basic.py", line 2227, in _lazy_init
    return self.set_feature_name(feature_name)
  File "C:\Users\hanji\AppData\Local\Programs\Python\Python310\lib\site-packages\lightgbm\basic.py", line 3046, in set_feature_name
    _safe_call(
  File "C:\Users\hanji\AppData\Local\Programs\Python\Python310\lib\site-packages\lightgbm\basic.py", line 313, in _safe_call
    raise LightGBMError(_LIB.LGBM_GetLastError().decode("utf-8"))
lightgbm.basic.LightGBMError: Feature (BB_width_24) appears more than one time.
"""

The above exception was the direct cause of the following exception:

Traceback (most recent call last):
  File "C:\Users\hanji\Documents\github\RL_pj\indicator_machinlearning\src\orchestration\infinite_loop.py", line 117, in infinite_loop
    results = Parallel(n_jobs=n_jobs, verbose=0)(
  File "C:\Users\hanji\AppData\Local\Programs\Python\Python310\lib\site-packages\joblib\parallel.py", line 2072, in __call__
    return output if self.return_generator else list(output)
  File "C:\Users\hanji\AppData\Local\Programs\Python\Python310\lib\site-packages\joblib\parallel.py", line 1682, in _get_outputs
    yield from self._retrieve()
  File "C:\Users\hanji\AppData\Local\Programs\Python\Python310\lib\site-packages\joblib\parallel.py", line 1784, in _retrieve
    self._raise_error_fast()
  File "C:\Users\hanji\AppData\Local\Programs\Python\Python310\lib\site-packages\joblib\parallel.py", line 1859, in _raise_error_fast
    error_job.get_result(self.timeout)
  File "C:\Users\hanji\AppData\Local\Programs\Python\Python310\lib\site-packages\joblib\parallel.py", line 758, in get_result
    return self._return_or_raise()
  File "C:\Users\hanji\AppData\Local\Programs\Python\Python310\lib\site-packages\joblib\parallel.py", line 773, in _return_or_raise
    raise self._result
lightgbm.basic.LightGBMError: Feature (BB_width_24) appears more than one time.
2025-12-21 20:06:27 | ERROR    | orchestration.loop | !!! [Batch Error] Feature (BB_width_39) appears more than one time.
joblib.externals.loky.process_executor._RemoteTraceback: 
"""
Traceback (most recent call last):
  File "C:\Users\hanji\AppData\Local\Programs\Python\Python310\lib\site-packages\joblib\externals\loky\process_executor.py", line 490, in _process_worker
    r = call_item()
  File "C:\Users\hanji\AppData\Local\Programs\Python\Python310\lib\site-packages\joblib\externals\loky\process_executor.py", line 291, in __call__
    return self.fn(*self.args, **self.kwargs)
  File "C:\Users\hanji\AppData\Local\Programs\Python\Python310\lib\site-packages\joblib\parallel.py", line 607, in __call__
    return [func(*args, **kwargs) for func, args, kwargs in self.items]
  File "C:\Users\hanji\AppData\Local\Programs\Python\Python310\lib\site-packages\joblib\parallel.py", line 607, in <listcomp>
    return [func(*args, **kwargs) for func, args, kwargs in self.items]
  File "C:\Users\hanji\Documents\github\RL_pj\indicator_machinlearning\src\orchestration\run_experiment.py", line 191, in run_experiment
    guard.train(features=X_train, targets=y_train)
  File "C:\Users\hanji\Documents\github\RL_pj\indicator_machinlearning\src\l2_sl\ml_guard.py", line 107, in train
    self.model.fit(X_train, y_train)
  File "C:\Users\hanji\AppData\Local\Programs\Python\Python310\lib\site-packages\lightgbm\sklearn.py", line 1560, in fit
    super().fit(
  File "C:\Users\hanji\AppData\Local\Programs\Python\Python310\lib\site-packages\lightgbm\sklearn.py", line 1049, in fit
    self._Booster = train(
  File "C:\Users\hanji\AppData\Local\Programs\Python\Python310\lib\site-packages\lightgbm\engine.py", line 297, in train
    booster = Booster(params=params, train_set=train_set)
  File "C:\Users\hanji\AppData\Local\Programs\Python\Python310\lib\site-packages\lightgbm\basic.py", line 3656, in __init__
    train_set.construct()
  File "C:\Users\hanji\AppData\Local\Programs\Python\Python310\lib\site-packages\lightgbm\basic.py", line 2590, in construct
    self._lazy_init(
  File "C:\Users\hanji\AppData\Local\Programs\Python\Python310\lib\site-packages\lightgbm\basic.py", line 2227, in _lazy_init
    return self.set_feature_name(feature_name)
  File "C:\Users\hanji\AppData\Local\Programs\Python\Python310\lib\site-packages\lightgbm\basic.py", line 3046, in set_feature_name
    _safe_call(
  File "C:\Users\hanji\AppData\Local\Programs\Python\Python310\lib\site-packages\lightgbm\basic.py", line 313, in _safe_call
    raise LightGBMError(_LIB.LGBM_GetLastError().decode("utf-8"))
lightgbm.basic.LightGBMError: Feature (BB_width_39) appears more than one time.
"""

The above exception was the direct cause of the following exception:

Traceback (most recent call last):
  File "C:\Users\hanji\Documents\github\RL_pj\indicator_machinlearning\src\orchestration\infinite_loop.py", line 117, in infinite_loop
    results = Parallel(n_jobs=n_jobs, verbose=0)(
  File "C:\Users\hanji\AppData\Local\Programs\Python\Python310\lib\site-packages\joblib\parallel.py", line 2072, in __call__
    return output if self.return_generator else list(output)
  File "C:\Users\hanji\AppData\Local\Programs\Python\Python310\lib\site-packages\joblib\parallel.py", line 1682, in _get_outputs
    yield from self._retrieve()
  File "C:\Users\hanji\AppData\Local\Programs\Python\Python310\lib\site-packages\joblib\parallel.py", line 1784, in _retrieve
    self._raise_error_fast()
  File "C:\Users\hanji\AppData\Local\Programs\Python\Python310\lib\site-packages\joblib\parallel.py", line 1859, in _raise_error_fast
    error_job.get_result(self.timeout)
  File "C:\Users\hanji\AppData\Local\Programs\Python\Python310\lib\site-packages\joblib\parallel.py", line 758, in get_result
    return self._return_or_raise()
  File "C:\Users\hanji\AppData\Local\Programs\Python\Python310\lib\site-packages\joblib\parallel.py", line 773, in _return_or_raise
    raise self._result
lightgbm.basic.LightGBMError: Feature (BB_width_39) appears more than one time.
2025-12-21 20:15:19 | ERROR    | orchestration.loop | !!! [Batch Error] Feature (BB_width_20) appears more than one time.
joblib.externals.loky.process_executor._RemoteTraceback: 
"""
Traceback (most recent call last):
  File "C:\Users\hanji\AppData\Local\Programs\Python\Python310\lib\site-packages\joblib\externals\loky\process_executor.py", line 490, in _process_worker
    r = call_item()
  File "C:\Users\hanji\AppData\Local\Programs\Python\Python310\lib\site-packages\joblib\externals\loky\process_executor.py", line 291, in __call__
    return self.fn(*self.args, **self.kwargs)
  File "C:\Users\hanji\AppData\Local\Programs\Python\Python310\lib\site-packages\joblib\parallel.py", line 607, in __call__
    return [func(*args, **kwargs) for func, args, kwargs in self.items]
  File "C:\Users\hanji\AppData\Local\Programs\Python\Python310\lib\site-packages\joblib\parallel.py", line 607, in <listcomp>
    return [func(*args, **kwargs) for func, args, kwargs in self.items]
  File "C:\Users\hanji\Documents\github\RL_pj\indicator_machinlearning\src\orchestration\run_experiment.py", line 204, in run_experiment
    guard.train(features=X_train, targets=y_train)
  File "C:\Users\hanji\Documents\github\RL_pj\indicator_machinlearning\src\l2_sl\ml_guard.py", line 107, in train
    self.model.fit(X_train, y_train)
  File "C:\Users\hanji\AppData\Local\Programs\Python\Python310\lib\site-packages\lightgbm\sklearn.py", line 1560, in fit
    super().fit(
  File "C:\Users\hanji\AppData\Local\Programs\Python\Python310\lib\site-packages\lightgbm\sklearn.py", line 1049, in fit
    self._Booster = train(
  File "C:\Users\hanji\AppData\Local\Programs\Python\Python310\lib\site-packages\lightgbm\engine.py", line 297, in train
    booster = Booster(params=params, train_set=train_set)
  File "C:\Users\hanji\AppData\Local\Programs\Python\Python310\lib\site-packages\lightgbm\basic.py", line 3656, in __init__
    train_set.construct()
  File "C:\Users\hanji\AppData\Local\Programs\Python\Python310\lib\site-packages\lightgbm\basic.py", line 2590, in construct
    self._lazy_init(
  File "C:\Users\hanji\AppData\Local\Programs\Python\Python310\lib\site-packages\lightgbm\basic.py", line 2227, in _lazy_init
    return self.set_feature_name(feature_name)
  File "C:\Users\hanji\AppData\Local\Programs\Python\Python310\lib\site-packages\lightgbm\basic.py", line 3046, in set_feature_name
    _safe_call(
  File "C:\Users\hanji\AppData\Local\Programs\Python\Python310\lib\site-packages\lightgbm\basic.py", line 313, in _safe_call
    raise LightGBMError(_LIB.LGBM_GetLastError().decode("utf-8"))
lightgbm.basic.LightGBMError: Feature (BB_width_20) appears more than one time.
"""

The above exception was the direct cause of the following exception:

Traceback (most recent call last):
  File "C:\Users\hanji\Documents\github\RL_pj\indicator_machinlearning\src\orchestration\infinite_loop.py", line 118, in infinite_loop
    results = Parallel(n_jobs=n_jobs, verbose=0)(
  File "C:\Users\hanji\AppData\Local\Programs\Python\Python310\lib\site-packages\joblib\parallel.py", line 2072, in __call__
    return output if self.return_generator else list(output)
  File "C:\Users\hanji\AppData\Local\Programs\Python\Python310\lib\site-packages\joblib\parallel.py", line 1682, in _get_outputs
    yield from self._retrieve()
  File "C:\Users\hanji\AppData\Local\Programs\Python\Python310\lib\site-packages\joblib\parallel.py", line 1784, in _retrieve
    self._raise_error_fast()
  File "C:\Users\hanji\AppData\Local\Programs\Python\Python310\lib\site-packages\joblib\parallel.py", line 1859, in _raise_error_fast
    error_job.get_result(self.timeout)
  File "C:\Users\hanji\AppData\Local\Programs\Python\Python310\lib\site-packages\joblib\parallel.py", line 758, in get_result
    return self._return_or_raise()
  File "C:\Users\hanji\AppData\Local\Programs\Python\Python310\lib\site-packages\joblib\parallel.py", line 773, in _return_or_raise
    raise self._result
lightgbm.basic.LightGBMError: Feature (BB_width_20) appears more than one time.
2025-12-21 20:18:29 | ERROR    | orchestration.loop | !!! [Batch Error] Feature (BB_width_45) appears more than one time.
joblib.externals.loky.process_executor._RemoteTraceback: 
"""
Traceback (most recent call last):
  File "C:\Users\hanji\AppData\Local\Programs\Python\Python310\lib\site-packages\joblib\externals\loky\process_executor.py", line 490, in _process_worker
    r = call_item()
  File "C:\Users\hanji\AppData\Local\Programs\Python\Python310\lib\site-packages\joblib\externals\loky\process_executor.py", line 291, in __call__
    return self.fn(*self.args, **self.kwargs)
  File "C:\Users\hanji\AppData\Local\Programs\Python\Python310\lib\site-packages\joblib\parallel.py", line 607, in __call__
    return [func(*args, **kwargs) for func, args, kwargs in self.items]
  File "C:\Users\hanji\AppData\Local\Programs\Python\Python310\lib\site-packages\joblib\parallel.py", line 607, in <listcomp>
    return [func(*args, **kwargs) for func, args, kwargs in self.items]
  File "C:\Users\hanji\Documents\github\RL_pj\indicator_machinlearning\src\orchestration\run_experiment.py", line 204, in run_experiment
    guard.train(features=X_train, targets=y_train)
  File "C:\Users\hanji\Documents\github\RL_pj\indicator_machinlearning\src\l2_sl\ml_guard.py", line 107, in train
    self.model.fit(X_train, y_train)
  File "C:\Users\hanji\AppData\Local\Programs\Python\Python310\lib\site-packages\lightgbm\sklearn.py", line 1560, in fit
    super().fit(
  File "C:\Users\hanji\AppData\Local\Programs\Python\Python310\lib\site-packages\lightgbm\sklearn.py", line 1049, in fit
    self._Booster = train(
  File "C:\Users\hanji\AppData\Local\Programs\Python\Python310\lib\site-packages\lightgbm\engine.py", line 297, in train
    booster = Booster(params=params, train_set=train_set)
  File "C:\Users\hanji\AppData\Local\Programs\Python\Python310\lib\site-packages\lightgbm\basic.py", line 3656, in __init__
    train_set.construct()
  File "C:\Users\hanji\AppData\Local\Programs\Python\Python310\lib\site-packages\lightgbm\basic.py", line 2590, in construct
    self._lazy_init(
  File "C:\Users\hanji\AppData\Local\Programs\Python\Python310\lib\site-packages\lightgbm\basic.py", line 2227, in _lazy_init
    return self.set_feature_name(feature_name)
  File "C:\Users\hanji\AppData\Local\Programs\Python\Python310\lib\site-packages\lightgbm\basic.py", line 3046, in set_feature_name
    _safe_call(
  File "C:\Users\hanji\AppData\Local\Programs\Python\Python310\lib\site-packages\lightgbm\basic.py", line 313, in _safe_call
    raise LightGBMError(_LIB.LGBM_GetLastError().decode("utf-8"))
lightgbm.basic.LightGBMError: Feature (BB_width_45) appears more than one time.
"""

The above exception was the direct cause of the following exception:

Traceback (most recent call last):
  File "C:\Users\hanji\Documents\github\RL_pj\indicator_machinlearning\src\orchestration\infinite_loop.py", line 118, in infinite_loop
    results = Parallel(n_jobs=n_jobs, verbose=0)(
  File "C:\Users\hanji\AppData\Local\Programs\Python\Python310\lib\site-packages\joblib\parallel.py", line 2072, in __call__
    return output if self.return_generator else list(output)
  File "C:\Users\hanji\AppData\Local\Programs\Python\Python310\lib\site-packages\joblib\parallel.py", line 1682, in _get_outputs
    yield from self._retrieve()
  File "C:\Users\hanji\AppData\Local\Programs\Python\Python310\lib\site-packages\joblib\parallel.py", line 1784, in _retrieve
    self._raise_error_fast()
  File "C:\Users\hanji\AppData\Local\Programs\Python\Python310\lib\site-packages\joblib\parallel.py", line 1859, in _raise_error_fast
    error_job.get_result(self.timeout)
  File "C:\Users\hanji\AppData\Local\Programs\Python\Python310\lib\site-packages\joblib\parallel.py", line 758, in get_result
    return self._return_or_raise()
  File "C:\Users\hanji\AppData\Local\Programs\Python\Python310\lib\site-packages\joblib\parallel.py", line 773, in _return_or_raise
    raise self._result
lightgbm.basic.LightGBMError: Feature (BB_width_45) appears more than one time.
2025-12-21 20:20:08 | ERROR    | orchestration.loop | !!! [Batch Error] Feature (BB_width_24) appears more than one time.
joblib.externals.loky.process_executor._RemoteTraceback: 
"""
Traceback (most recent call last):
  File "C:\Users\hanji\AppData\Local\Programs\Python\Python310\lib\site-packages\joblib\externals\loky\process_executor.py", line 490, in _process_worker
    r = call_item()
  File "C:\Users\hanji\AppData\Local\Programs\Python\Python310\lib\site-packages\joblib\externals\loky\process_executor.py", line 291, in __call__
    return self.fn(*self.args, **self.kwargs)
  File "C:\Users\hanji\AppData\Local\Programs\Python\Python310\lib\site-packages\joblib\parallel.py", line 607, in __call__
    return [func(*args, **kwargs) for func, args, kwargs in self.items]
  File "C:\Users\hanji\AppData\Local\Programs\Python\Python310\lib\site-packages\joblib\parallel.py", line 607, in <listcomp>
    return [func(*args, **kwargs) for func, args, kwargs in self.items]
  File "C:\Users\hanji\Documents\github\RL_pj\indicator_machinlearning\src\orchestration\run_experiment.py", line 204, in run_experiment
    guard.train(features=X_train, targets=y_train)
  File "C:\Users\hanji\Documents\github\RL_pj\indicator_machinlearning\src\l2_sl\ml_guard.py", line 107, in train
    self.model.fit(X_train, y_train)
  File "C:\Users\hanji\AppData\Local\Programs\Python\Python310\lib\site-packages\lightgbm\sklearn.py", line 1560, in fit
    super().fit(
  File "C:\Users\hanji\AppData\Local\Programs\Python\Python310\lib\site-packages\lightgbm\sklearn.py", line 1049, in fit
    self._Booster = train(
  File "C:\Users\hanji\AppData\Local\Programs\Python\Python310\lib\site-packages\lightgbm\engine.py", line 297, in train
    booster = Booster(params=params, train_set=train_set)
  File "C:\Users\hanji\AppData\Local\Programs\Python\Python310\lib\site-packages\lightgbm\basic.py", line 3656, in __init__
    train_set.construct()
  File "C:\Users\hanji\AppData\Local\Programs\Python\Python310\lib\site-packages\lightgbm\basic.py", line 2590, in construct
    self._lazy_init(
  File "C:\Users\hanji\AppData\Local\Programs\Python\Python310\lib\site-packages\lightgbm\basic.py", line 2227, in _lazy_init
    return self.set_feature_name(feature_name)
  File "C:\Users\hanji\AppData\Local\Programs\Python\Python310\lib\site-packages\lightgbm\basic.py", line 3046, in set_feature_name
    _safe_call(
  File "C:\Users\hanji\AppData\Local\Programs\Python\Python310\lib\site-packages\lightgbm\basic.py", line 313, in _safe_call
    raise LightGBMError(_LIB.LGBM_GetLastError().decode("utf-8"))
lightgbm.basic.LightGBMError: Feature (BB_width_24) appears more than one time.
"""

The above exception was the direct cause of the following exception:

Traceback (most recent call last):
  File "C:\Users\hanji\Documents\github\RL_pj\indicator_machinlearning\src\orchestration\infinite_loop.py", line 118, in infinite_loop
    results = Parallel(n_jobs=n_jobs, verbose=0)(
  File "C:\Users\hanji\AppData\Local\Programs\Python\Python310\lib\site-packages\joblib\parallel.py", line 2072, in __call__
    return output if self.return_generator else list(output)
  File "C:\Users\hanji\AppData\Local\Programs\Python\Python310\lib\site-packages\joblib\parallel.py", line 1682, in _get_outputs
    yield from self._retrieve()
  File "C:\Users\hanji\AppData\Local\Programs\Python\Python310\lib\site-packages\joblib\parallel.py", line 1784, in _retrieve
    self._raise_error_fast()
  File "C:\Users\hanji\AppData\Local\Programs\Python\Python310\lib\site-packages\joblib\parallel.py", line 1859, in _raise_error_fast
    error_job.get_result(self.timeout)
  File "C:\Users\hanji\AppData\Local\Programs\Python\Python310\lib\site-packages\joblib\parallel.py", line 758, in get_result
    return self._return_or_raise()
  File "C:\Users\hanji\AppData\Local\Programs\Python\Python310\lib\site-packages\joblib\parallel.py", line 773, in _return_or_raise
    raise self._result
lightgbm.basic.LightGBMError: Feature (BB_width_24) appears more than one time.
2025-12-21 20:20:08 | ERROR    | orchestration.loop | !!! [Batch Error] Feature (BB_width_46) appears more than one time.
joblib.externals.loky.process_executor._RemoteTraceback: 
"""
Traceback (most recent call last):
  File "C:\Users\hanji\AppData\Local\Programs\Python\Python310\lib\site-packages\joblib\externals\loky\process_executor.py", line 490, in _process_worker
    r = call_item()
  File "C:\Users\hanji\AppData\Local\Programs\Python\Python310\lib\site-packages\joblib\externals\loky\process_executor.py", line 291, in __call__
    return self.fn(*self.args, **self.kwargs)
  File "C:\Users\hanji\AppData\Local\Programs\Python\Python310\lib\site-packages\joblib\parallel.py", line 607, in __call__
    return [func(*args, **kwargs) for func, args, kwargs in self.items]
  File "C:\Users\hanji\AppData\Local\Programs\Python\Python310\lib\site-packages\joblib\parallel.py", line 607, in <listcomp>
    return [func(*args, **kwargs) for func, args, kwargs in self.items]
  File "C:\Users\hanji\Documents\github\RL_pj\indicator_machinlearning\src\orchestration\run_experiment.py", line 204, in run_experiment
    guard.train(features=X_train, targets=y_train)
  File "C:\Users\hanji\Documents\github\RL_pj\indicator_machinlearning\src\l2_sl\ml_guard.py", line 107, in train
    self.model.fit(X_train, y_train)
  File "C:\Users\hanji\AppData\Local\Programs\Python\Python310\lib\site-packages\lightgbm\sklearn.py", line 1560, in fit
    super().fit(
  File "C:\Users\hanji\AppData\Local\Programs\Python\Python310\lib\site-packages\lightgbm\sklearn.py", line 1049, in fit
    self._Booster = train(
  File "C:\Users\hanji\AppData\Local\Programs\Python\Python310\lib\site-packages\lightgbm\engine.py", line 297, in train
    booster = Booster(params=params, train_set=train_set)
  File "C:\Users\hanji\AppData\Local\Programs\Python\Python310\lib\site-packages\lightgbm\basic.py", line 3656, in __init__
    train_set.construct()
  File "C:\Users\hanji\AppData\Local\Programs\Python\Python310\lib\site-packages\lightgbm\basic.py", line 2590, in construct
    self._lazy_init(
  File "C:\Users\hanji\AppData\Local\Programs\Python\Python310\lib\site-packages\lightgbm\basic.py", line 2227, in _lazy_init
    return self.set_feature_name(feature_name)
  File "C:\Users\hanji\AppData\Local\Programs\Python\Python310\lib\site-packages\lightgbm\basic.py", line 3046, in set_feature_name
    _safe_call(
  File "C:\Users\hanji\AppData\Local\Programs\Python\Python310\lib\site-packages\lightgbm\basic.py", line 313, in _safe_call
    raise LightGBMError(_LIB.LGBM_GetLastError().decode("utf-8"))
lightgbm.basic.LightGBMError: Feature (BB_width_46) appears more than one time.
"""

The above exception was the direct cause of the following exception:

Traceback (most recent call last):
  File "C:\Users\hanji\Documents\github\RL_pj\indicator_machinlearning\src\orchestration\infinite_loop.py", line 118, in infinite_loop
    results = Parallel(n_jobs=n_jobs, verbose=0)(
  File "C:\Users\hanji\AppData\Local\Programs\Python\Python310\lib\site-packages\joblib\parallel.py", line 2072, in __call__
    return output if self.return_generator else list(output)
  File "C:\Users\hanji\AppData\Local\Programs\Python\Python310\lib\site-packages\joblib\parallel.py", line 1682, in _get_outputs
    yield from self._retrieve()
  File "C:\Users\hanji\AppData\Local\Programs\Python\Python310\lib\site-packages\joblib\parallel.py", line 1784, in _retrieve
    self._raise_error_fast()
  File "C:\Users\hanji\AppData\Local\Programs\Python\Python310\lib\site-packages\joblib\parallel.py", line 1859, in _raise_error_fast
    error_job.get_result(self.timeout)
  File "C:\Users\hanji\AppData\Local\Programs\Python\Python310\lib\site-packages\joblib\parallel.py", line 758, in get_result
    return self._return_or_raise()
  File "C:\Users\hanji\AppData\Local\Programs\Python\Python310\lib\site-packages\joblib\parallel.py", line 773, in _return_or_raise
    raise self._result
lightgbm.basic.LightGBMError: Feature (BB_width_46) appears more than one time.
2025-12-21 20:20:18 | ERROR    | orchestration.loop | !!! [Batch Error] Feature (BB_width_21) appears more than one time.
joblib.externals.loky.process_executor._RemoteTraceback: 
"""
Traceback (most recent call last):
  File "C:\Users\hanji\AppData\Local\Programs\Python\Python310\lib\site-packages\joblib\externals\loky\process_executor.py", line 490, in _process_worker
    r = call_item()
  File "C:\Users\hanji\AppData\Local\Programs\Python\Python310\lib\site-packages\joblib\externals\loky\process_executor.py", line 291, in __call__
    return self.fn(*self.args, **self.kwargs)
  File "C:\Users\hanji\AppData\Local\Programs\Python\Python310\lib\site-packages\joblib\parallel.py", line 607, in __call__
    return [func(*args, **kwargs) for func, args, kwargs in self.items]
  File "C:\Users\hanji\AppData\Local\Programs\Python\Python310\lib\site-packages\joblib\parallel.py", line 607, in <listcomp>
    return [func(*args, **kwargs) for func, args, kwargs in self.items]
  File "C:\Users\hanji\Documents\github\RL_pj\indicator_machinlearning\src\orchestration\run_experiment.py", line 204, in run_experiment
    guard.train(features=X_train, targets=y_train)
  File "C:\Users\hanji\Documents\github\RL_pj\indicator_machinlearning\src\l2_sl\ml_guard.py", line 107, in train
    self.model.fit(X_train, y_train)
  File "C:\Users\hanji\AppData\Local\Programs\Python\Python310\lib\site-packages\lightgbm\sklearn.py", line 1560, in fit
    super().fit(
  File "C:\Users\hanji\AppData\Local\Programs\Python\Python310\lib\site-packages\lightgbm\sklearn.py", line 1049, in fit
    self._Booster = train(
  File "C:\Users\hanji\AppData\Local\Programs\Python\Python310\lib\site-packages\lightgbm\engine.py", line 297, in train
    booster = Booster(params=params, train_set=train_set)
  File "C:\Users\hanji\AppData\Local\Programs\Python\Python310\lib\site-packages\lightgbm\basic.py", line 3656, in __init__
    train_set.construct()
  File "C:\Users\hanji\AppData\Local\Programs\Python\Python310\lib\site-packages\lightgbm\basic.py", line 2590, in construct
    self._lazy_init(
  File "C:\Users\hanji\AppData\Local\Programs\Python\Python310\lib\site-packages\lightgbm\basic.py", line 2227, in _lazy_init
    return self.set_feature_name(feature_name)
  File "C:\Users\hanji\AppData\Local\Programs\Python\Python310\lib\site-packages\lightgbm\basic.py", line 3046, in set_feature_name
    _safe_call(
  File "C:\Users\hanji\AppData\Local\Programs\Python\Python310\lib\site-packages\lightgbm\basic.py", line 313, in _safe_call
    raise LightGBMError(_LIB.LGBM_GetLastError().decode("utf-8"))
lightgbm.basic.LightGBMError: Feature (BB_width_21) appears more than one time.
"""

The above exception was the direct cause of the following exception:

Traceback (most recent call last):
  File "C:\Users\hanji\Documents\github\RL_pj\indicator_machinlearning\src\orchestration\infinite_loop.py", line 118, in infinite_loop
    results = Parallel(n_jobs=n_jobs, verbose=0)(
  File "C:\Users\hanji\AppData\Local\Programs\Python\Python310\lib\site-packages\joblib\parallel.py", line 2072, in __call__
    return output if self.return_generator else list(output)
  File "C:\Users\hanji\AppData\Local\Programs\Python\Python310\lib\site-packages\joblib\parallel.py", line 1682, in _get_outputs
    yield from self._retrieve()
  File "C:\Users\hanji\AppData\Local\Programs\Python\Python310\lib\site-packages\joblib\parallel.py", line 1784, in _retrieve
    self._raise_error_fast()
  File "C:\Users\hanji\AppData\Local\Programs\Python\Python310\lib\site-packages\joblib\parallel.py", line 1859, in _raise_error_fast
    error_job.get_result(self.timeout)
  File "C:\Users\hanji\AppData\Local\Programs\Python\Python310\lib\site-packages\joblib\parallel.py", line 758, in get_result
    return self._return_or_raise()
  File "C:\Users\hanji\AppData\Local\Programs\Python\Python310\lib\site-packages\joblib\parallel.py", line 773, in _return_or_raise
    raise self._result
lightgbm.basic.LightGBMError: Feature (BB_width_21) appears more than one time.
2025-12-21 20:20:30 | ERROR    | orchestration.loop | !!! [Batch Error] Feature (BB_width_32) appears more than one time.
joblib.externals.loky.process_executor._RemoteTraceback: 
"""
Traceback (most recent call last):
  File "C:\Users\hanji\AppData\Local\Programs\Python\Python310\lib\site-packages\joblib\externals\loky\process_executor.py", line 490, in _process_worker
    r = call_item()
  File "C:\Users\hanji\AppData\Local\Programs\Python\Python310\lib\site-packages\joblib\externals\loky\process_executor.py", line 291, in __call__
    return self.fn(*self.args, **self.kwargs)
  File "C:\Users\hanji\AppData\Local\Programs\Python\Python310\lib\site-packages\joblib\parallel.py", line 607, in __call__
    return [func(*args, **kwargs) for func, args, kwargs in self.items]
  File "C:\Users\hanji\AppData\Local\Programs\Python\Python310\lib\site-packages\joblib\parallel.py", line 607, in <listcomp>
    return [func(*args, **kwargs) for func, args, kwargs in self.items]
  File "C:\Users\hanji\Documents\github\RL_pj\indicator_machinlearning\src\orchestration\run_experiment.py", line 204, in run_experiment
    guard.train(features=X_train, targets=y_train)
  File "C:\Users\hanji\Documents\github\RL_pj\indicator_machinlearning\src\l2_sl\ml_guard.py", line 107, in train
    self.model.fit(X_train, y_train)
  File "C:\Users\hanji\AppData\Local\Programs\Python\Python310\lib\site-packages\lightgbm\sklearn.py", line 1560, in fit
    super().fit(
  File "C:\Users\hanji\AppData\Local\Programs\Python\Python310\lib\site-packages\lightgbm\sklearn.py", line 1049, in fit
    self._Booster = train(
  File "C:\Users\hanji\AppData\Local\Programs\Python\Python310\lib\site-packages\lightgbm\engine.py", line 297, in train
    booster = Booster(params=params, train_set=train_set)
  File "C:\Users\hanji\AppData\Local\Programs\Python\Python310\lib\site-packages\lightgbm\basic.py", line 3656, in __init__
    train_set.construct()
  File "C:\Users\hanji\AppData\Local\Programs\Python\Python310\lib\site-packages\lightgbm\basic.py", line 2590, in construct
    self._lazy_init(
  File "C:\Users\hanji\AppData\Local\Programs\Python\Python310\lib\site-packages\lightgbm\basic.py", line 2227, in _lazy_init
    return self.set_feature_name(feature_name)
  File "C:\Users\hanji\AppData\Local\Programs\Python\Python310\lib\site-packages\lightgbm\basic.py", line 3046, in set_feature_name
    _safe_call(
  File "C:\Users\hanji\AppData\Local\Programs\Python\Python310\lib\site-packages\lightgbm\basic.py", line 313, in _safe_call
    raise LightGBMError(_LIB.LGBM_GetLastError().decode("utf-8"))
lightgbm.basic.LightGBMError: Feature (BB_width_32) appears more than one time.
"""

The above exception was the direct cause of the following exception:

Traceback (most recent call last):
  File "C:\Users\hanji\Documents\github\RL_pj\indicator_machinlearning\src\orchestration\infinite_loop.py", line 118, in infinite_loop
    results = Parallel(n_jobs=n_jobs, verbose=0)(
  File "C:\Users\hanji\AppData\Local\Programs\Python\Python310\lib\site-packages\joblib\parallel.py", line 2072, in __call__
    return output if self.return_generator else list(output)
  File "C:\Users\hanji\AppData\Local\Programs\Python\Python310\lib\site-packages\joblib\parallel.py", line 1682, in _get_outputs
    yield from self._retrieve()
  File "C:\Users\hanji\AppData\Local\Programs\Python\Python310\lib\site-packages\joblib\parallel.py", line 1784, in _retrieve
    self._raise_error_fast()
  File "C:\Users\hanji\AppData\Local\Programs\Python\Python310\lib\site-packages\joblib\parallel.py", line 1859, in _raise_error_fast
    error_job.get_result(self.timeout)
  File "C:\Users\hanji\AppData\Local\Programs\Python\Python310\lib\site-packages\joblib\parallel.py", line 758, in get_result
    return self._return_or_raise()
  File "C:\Users\hanji\AppData\Local\Programs\Python\Python310\lib\site-packages\joblib\parallel.py", line 773, in _return_or_raise
    raise self._result
lightgbm.basic.LightGBMError: Feature (BB_width_32) appears more than one time.
2025-12-21 20:21:56 | ERROR    | orchestration.loop | !!! [Batch Error] Feature (BB_width_30) appears more than one time.
joblib.externals.loky.process_executor._RemoteTraceback: 
"""
Traceback (most recent call last):
  File "C:\Users\hanji\AppData\Local\Programs\Python\Python310\lib\site-packages\joblib\externals\loky\process_executor.py", line 490, in _process_worker
    r = call_item()
  File "C:\Users\hanji\AppData\Local\Programs\Python\Python310\lib\site-packages\joblib\externals\loky\process_executor.py", line 291, in __call__
    return self.fn(*self.args, **self.kwargs)
  File "C:\Users\hanji\AppData\Local\Programs\Python\Python310\lib\site-packages\joblib\parallel.py", line 607, in __call__
    return [func(*args, **kwargs) for func, args, kwargs in self.items]
  File "C:\Users\hanji\AppData\Local\Programs\Python\Python310\lib\site-packages\joblib\parallel.py", line 607, in <listcomp>
    return [func(*args, **kwargs) for func, args, kwargs in self.items]
  File "C:\Users\hanji\Documents\github\RL_pj\indicator_machinlearning\src\orchestration\run_experiment.py", line 204, in run_experiment
    guard.train(features=X_train, targets=y_train)
  File "C:\Users\hanji\Documents\github\RL_pj\indicator_machinlearning\src\l2_sl\ml_guard.py", line 107, in train
    self.model.fit(X_train, y_train)
  File "C:\Users\hanji\AppData\Local\Programs\Python\Python310\lib\site-packages\lightgbm\sklearn.py", line 1560, in fit
    super().fit(
  File "C:\Users\hanji\AppData\Local\Programs\Python\Python310\lib\site-packages\lightgbm\sklearn.py", line 1049, in fit
    self._Booster = train(
  File "C:\Users\hanji\AppData\Local\Programs\Python\Python310\lib\site-packages\lightgbm\engine.py", line 297, in train
    booster = Booster(params=params, train_set=train_set)
  File "C:\Users\hanji\AppData\Local\Programs\Python\Python310\lib\site-packages\lightgbm\basic.py", line 3656, in __init__
    train_set.construct()
  File "C:\Users\hanji\AppData\Local\Programs\Python\Python310\lib\site-packages\lightgbm\basic.py", line 2590, in construct
    self._lazy_init(
  File "C:\Users\hanji\AppData\Local\Programs\Python\Python310\lib\site-packages\lightgbm\basic.py", line 2227, in _lazy_init
    return self.set_feature_name(feature_name)
  File "C:\Users\hanji\AppData\Local\Programs\Python\Python310\lib\site-packages\lightgbm\basic.py", line 3046, in set_feature_name
    _safe_call(
  File "C:\Users\hanji\AppData\Local\Programs\Python\Python310\lib\site-packages\lightgbm\basic.py", line 313, in _safe_call
    raise LightGBMError(_LIB.LGBM_GetLastError().decode("utf-8"))
lightgbm.basic.LightGBMError: Feature (BB_width_30) appears more than one time.
"""

The above exception was the direct cause of the following exception:

Traceback (most recent call last):
  File "C:\Users\hanji\Documents\github\RL_pj\indicator_machinlearning\src\orchestration\infinite_loop.py", line 118, in infinite_loop
    results = Parallel(n_jobs=n_jobs, verbose=0)(
  File "C:\Users\hanji\AppData\Local\Programs\Python\Python310\lib\site-packages\joblib\parallel.py", line 2072, in __call__
    return output if self.return_generator else list(output)
  File "C:\Users\hanji\AppData\Local\Programs\Python\Python310\lib\site-packages\joblib\parallel.py", line 1682, in _get_outputs
    yield from self._retrieve()
  File "C:\Users\hanji\AppData\Local\Programs\Python\Python310\lib\site-packages\joblib\parallel.py", line 1784, in _retrieve
    self._raise_error_fast()
  File "C:\Users\hanji\AppData\Local\Programs\Python\Python310\lib\site-packages\joblib\parallel.py", line 1859, in _raise_error_fast
    error_job.get_result(self.timeout)
  File "C:\Users\hanji\AppData\Local\Programs\Python\Python310\lib\site-packages\joblib\parallel.py", line 758, in get_result
    return self._return_or_raise()
  File "C:\Users\hanji\AppData\Local\Programs\Python\Python310\lib\site-packages\joblib\parallel.py", line 773, in _return_or_raise
    raise self._result
lightgbm.basic.LightGBMError: Feature (BB_width_30) appears more than one time.
2025-12-21 21:17:58 | ERROR    | orchestration.loop | !!! [Batch Error] A worker process managed by the executor was unexpectedly terminated. This could be caused by a segmentation fault while calling the function or by an excessive memory usage causing the Operating System to kill the worker.

Detailed tracebacks of the workers should have been printed to stderr in the executor process if faulthandler was not disabled.
Traceback (most recent call last):
  File "C:\Users\hanji\Documents\github\RL_pj\indicator_machinlearning\src\orchestration\infinite_loop.py", line 118, in infinite_loop
    results = Parallel(n_jobs=n_jobs, verbose=0)(
  File "C:\Users\hanji\AppData\Local\Programs\Python\Python310\lib\site-packages\joblib\parallel.py", line 2072, in __call__
    return output if self.return_generator else list(output)
  File "C:\Users\hanji\AppData\Local\Programs\Python\Python310\lib\site-packages\joblib\parallel.py", line 1682, in _get_outputs
    yield from self._retrieve()
  File "C:\Users\hanji\AppData\Local\Programs\Python\Python310\lib\site-packages\joblib\parallel.py", line 1784, in _retrieve
    self._raise_error_fast()
  File "C:\Users\hanji\AppData\Local\Programs\Python\Python310\lib\site-packages\joblib\parallel.py", line 1859, in _raise_error_fast
    error_job.get_result(self.timeout)
  File "C:\Users\hanji\AppData\Local\Programs\Python\Python310\lib\site-packages\joblib\parallel.py", line 758, in get_result
    return self._return_or_raise()
  File "C:\Users\hanji\AppData\Local\Programs\Python\Python310\lib\site-packages\joblib\parallel.py", line 773, in _return_or_raise
    raise self._result
joblib.externals.loky.process_executor.TerminatedWorkerError: A worker process managed by the executor was unexpectedly terminated. This could be caused by a segmentation fault while calling the function or by an excessive memory usage causing the Operating System to kill the worker.

Detailed tracebacks of the workers should have been printed to stderr in the executor process if faulthandler was not disabled.
2025-12-21 21:44:34 | ERROR    | orchestration.loop | !!! [Batch Error] A worker process managed by the executor was unexpectedly terminated. This could be caused by a segmentation fault while calling the function or by an excessive memory usage causing the Operating System to kill the worker.

Detailed tracebacks of the workers should have been printed to stderr in the executor process if faulthandler was not disabled.
Traceback (most recent call last):
  File "C:\Users\hanji\Documents\github\RL_pj\indicator_machinlearning\src\orchestration\infinite_loop.py", line 118, in infinite_loop
    results = Parallel(n_jobs=n_jobs, verbose=0)(
  File "C:\Users\hanji\AppData\Local\Programs\Python\Python310\lib\site-packages\joblib\parallel.py", line 2072, in __call__
    return output if self.return_generator else list(output)
  File "C:\Users\hanji\AppData\Local\Programs\Python\Python310\lib\site-packages\joblib\parallel.py", line 1682, in _get_outputs
    yield from self._retrieve()
  File "C:\Users\hanji\AppData\Local\Programs\Python\Python310\lib\site-packages\joblib\parallel.py", line 1784, in _retrieve
    self._raise_error_fast()
  File "C:\Users\hanji\AppData\Local\Programs\Python\Python310\lib\site-packages\joblib\parallel.py", line 1859, in _raise_error_fast
    error_job.get_result(self.timeout)
  File "C:\Users\hanji\AppData\Local\Programs\Python\Python310\lib\site-packages\joblib\parallel.py", line 758, in get_result
    return self._return_or_raise()
  File "C:\Users\hanji\AppData\Local\Programs\Python\Python310\lib\site-packages\joblib\parallel.py", line 773, in _return_or_raise
    raise self._result
joblib.externals.loky.process_executor.TerminatedWorkerError: A worker process managed by the executor was unexpectedly terminated. This could be caused by a segmentation fault while calling the function or by an excessive memory usage causing the Operating System to kill the worker.

Detailed tracebacks of the workers should have been printed to stderr in the executor process if faulthandler was not disabled.
